<?xml version="1.0" encoding="UTF-8"?>
<!-- Generated by org.testng.reporters.JUnitReportReporter -->
<testsuite name="com.learnautomation.tesecases.Testcase1" tests="1" time="0.760" ignored="0" failures="0" timestamp="12 Jan 2021 06:17:27 GMT" skipped="0" hostname="ASUS" errors="0">
  <testcase name="loginTest" time="0.760" classname="com.learnautomation.tesecases.Testcase1"/>
</testsuite> <!-- com.learnautomation.tesecases.Testcase1 -->
